<?xml version="1.0" encoding="utf-8"?><testsuites name="pytest tests"><testsuite name="pytest" errors="0" failures="0" skipped="0" tests="40" time="22.118" timestamp="2026-04-15T16:19:50.723478+00:00" hostname="agent-env-27cf3314-3711-4738-ae17-8bd710ad7e8d"><testcase classname="backend.tests.test_k8s_maintenance.TestHealthCheck" name="test_health_endpoint" time="0.254" /><testcase classname="backend.tests.test_k8s_maintenance.TestAuthentication" name="test_local_login_success" time="0.335" /><testcase classname="backend.tests.test_k8s_maintenance.TestAuthentication" name="test_local_login_invalid_password" time="0.368" /><testcase classname="backend.tests.test_k8s_maintenance.TestAuthentication" name="test_local_login_invalid_username" time="0.107" /><testcase classname="backend.tests.test_k8s_maintenance.TestAuthentication" name="test_user_info_with_valid_token" time="0.447" /><testcase classname="backend.tests.test_k8s_maintenance.TestAuthentication" name="test_user_info_without_token" time="0.240" /><testcase classname="backend.tests.test_k8s_maintenance.TestIPTemplates" name="test_list_templates" time="0.542" /><testcase classname="backend.tests.test_k8s_maintenance.TestIPTemplates" name="test_create_template" time="0.582" /><testcase classname="backend.tests.test_k8s_maintenance.TestIPTemplates" name="test_create_template_invalid_ip" time="0.575" /><testcase classname="backend.tests.test_k8s_maintenance.TestIPTemplates" name="test_update_template" time="0.770" /><testcase classname="backend.tests.test_k8s_maintenance.TestIPTemplates" name="test_delete_template" time="0.805" /><testcase classname="backend.tests.test_k8s_maintenance.TestApplications" name="test_list_applications" time="0.459" /><testcase classname="backend.tests.test_k8s_maintenance.TestApplications" name="test_get_application" time="0.574" /><testcase classname="backend.tests.test_k8s_maintenance.TestApplications" name="test_update_application_ip_allowlist" time="0.844" /><testcase classname="backend.tests.test_k8s_maintenance.TestTemplatePropagation" name="test_template_update_propagates_to_applications" time="0.923" /><testcase classname="backend.tests.test_k8s_maintenance.TestTemplatePropagation" name="test_template_name_update_propagates" time="0.791" /><testcase classname="backend.tests.test_k8s_maintenance.TestNamespaces" name="test_list_namespaces" time="0.461" /><testcase classname="backend.tests.test_k8s_maintenance.TestNewFeatures" name="test_template_usage_endpoint" time="0.584" /><testcase classname="backend.tests.test_k8s_maintenance.TestNewFeatures" name="test_application_yaml_endpoint" time="0.706" /><testcase classname="backend.tests.test_k8s_maintenance.TestNewFeatures" name="test_yaml_endpoint_with_known_app_ids" time="0.590" /><testcase classname="backend.tests.test_k8s_maintenance.TestNewFeatures" name="test_yaml_endpoint_invalid_app_id" time="0.455" /><testcase classname="backend.tests.test_k8s_maintenance.TestNewFeatures" name="test_applications_list_has_all_ips" time="0.458" /><testcase classname="backend.tests.test_k8s_maintenance.TestYamlSourceBadge" name="test_yaml_endpoint_returns_source_field" time="0.593" /><testcase classname="backend.tests.test_k8s_maintenance.TestYamlSourceBadge" name="test_yaml_source_for_all_apps" time="0.734" /><testcase classname="backend.tests.test_k8s_maintenance.TestUserRoleToggle" name="test_toggle_endpoint_accepts_user_role_in_decorator" time="0.798" /><testcase classname="backend.tests.test_k8s_maintenance.TestUserRoleToggle" name="test_toggle_endpoint_role_verification" time="0.571" /><testcase classname="backend.tests.test_k8s_maintenance.TestSyncStatus" name="test_sync_status_endpoint_exists" time="0.437" /><testcase classname="backend.tests.test_k8s_maintenance.TestSyncStatus" name="test_sync_status_returns_available_false_when_k8s_unavailable" time="0.471" /><testcase classname="backend.tests.test_k8s_maintenance.TestSyncStatus" name="test_sync_status_requires_authentication" time="0.113" /><testcase classname="backend.tests.test_k8s_maintenance.TestSyncStatus" name="test_sync_status_response_structure_when_available" time="0.487" /><testcase classname="backend.tests.test_k8s_maintenance.TestIPTemplatesUserRole" name="test_ip_templates_crud_with_admin_role" time="0.700" /><testcase classname="backend.tests.test_k8s_maintenance.TestAuditLog" name="test_audit_logs_endpoint_exists" time="0.444" /><testcase classname="backend.tests.test_k8s_maintenance.TestAuditLog" name="test_audit_logs_requires_authentication" time="0.113" /><testcase classname="backend.tests.test_k8s_maintenance.TestAuditLog" name="test_audit_log_entry_structure" time="0.458" /><testcase classname="backend.tests.test_k8s_maintenance.TestAuditLog" name="test_audit_logs_filter_by_action" time="0.657" /><testcase classname="backend.tests.test_k8s_maintenance.TestAuditLog" name="test_audit_logs_filter_by_target_type" time="0.553" /><testcase classname="backend.tests.test_k8s_maintenance.TestAuditLog" name="test_audit_logs_combined_filters" time="0.482" /><testcase classname="backend.tests.test_k8s_maintenance.TestAuditLog" name="test_audit_logs_pagination" time="0.569" /><testcase classname="backend.tests.test_k8s_maintenance.TestAuditLog" name="test_audit_log_created_on_toggle" time="1.013" /><testcase classname="backend.tests.test_k8s_maintenance.TestAuditLog" name="test_audit_log_created_on_template_update" time="0.911" /></testsuite></testsuites>