<?xml version="1.0" encoding="utf-8"?><testsuites name="pytest tests"><testsuite name="pytest" errors="0" failures="0" skipped="0" tests="27" time="15.628" timestamp="2026-04-12T19:25:04.843915+00:00" hostname="agent-env-27cf3314-3711-4738-ae17-8bd710ad7e8d"><testcase classname="backend.tests.test_k8s_maintenance.TestHealthCheck" name="test_health_endpoint" time="0.225" /><testcase classname="backend.tests.test_k8s_maintenance.TestAuthentication" name="test_local_login_success" time="0.375" /><testcase classname="backend.tests.test_k8s_maintenance.TestAuthentication" name="test_local_login_invalid_password" time="0.390" /><testcase classname="backend.tests.test_k8s_maintenance.TestAuthentication" name="test_local_login_invalid_username" time="0.128" /><testcase classname="backend.tests.test_k8s_maintenance.TestAuthentication" name="test_user_info_with_valid_token" time="0.533" /><testcase classname="backend.tests.test_k8s_maintenance.TestAuthentication" name="test_user_info_without_token" time="0.177" /><testcase classname="backend.tests.test_k8s_maintenance.TestIPTemplates" name="test_list_templates" time="0.446" /><testcase classname="backend.tests.test_k8s_maintenance.TestIPTemplates" name="test_create_template" time="0.582" /><testcase classname="backend.tests.test_k8s_maintenance.TestIPTemplates" name="test_create_template_invalid_ip" time="0.488" /><testcase classname="backend.tests.test_k8s_maintenance.TestIPTemplates" name="test_update_template" time="0.753" /><testcase classname="backend.tests.test_k8s_maintenance.TestIPTemplates" name="test_delete_template" time="0.640" /><testcase classname="backend.tests.test_k8s_maintenance.TestApplications" name="test_list_applications" time="0.455" /><testcase classname="backend.tests.test_k8s_maintenance.TestApplications" name="test_get_application" time="0.588" /><testcase classname="backend.tests.test_k8s_maintenance.TestApplications" name="test_update_application_ip_allowlist" time="1.401" /><testcase classname="backend.tests.test_k8s_maintenance.TestTemplatePropagation" name="test_template_update_propagates_to_applications" time="0.908" /><testcase classname="backend.tests.test_k8s_maintenance.TestTemplatePropagation" name="test_template_name_update_propagates" time="0.781" /><testcase classname="backend.tests.test_k8s_maintenance.TestNamespaces" name="test_list_namespaces" time="0.467" /><testcase classname="backend.tests.test_k8s_maintenance.TestNewFeatures" name="test_template_usage_endpoint" time="0.568" /><testcase classname="backend.tests.test_k8s_maintenance.TestNewFeatures" name="test_application_yaml_endpoint" time="0.564" /><testcase classname="backend.tests.test_k8s_maintenance.TestNewFeatures" name="test_yaml_endpoint_with_known_app_ids" time="0.557" /><testcase classname="backend.tests.test_k8s_maintenance.TestNewFeatures" name="test_yaml_endpoint_invalid_app_id" time="0.470" /><testcase classname="backend.tests.test_k8s_maintenance.TestNewFeatures" name="test_applications_list_has_all_ips" time="0.439" /><testcase classname="backend.tests.test_k8s_maintenance.TestYamlSourceBadge" name="test_yaml_endpoint_returns_source_field" time="0.579" /><testcase classname="backend.tests.test_k8s_maintenance.TestYamlSourceBadge" name="test_yaml_source_for_all_apps" time="0.747" /><testcase classname="backend.tests.test_k8s_maintenance.TestUserRoleToggle" name="test_toggle_endpoint_accepts_user_role_in_decorator" time="0.815" /><testcase classname="backend.tests.test_k8s_maintenance.TestUserRoleToggle" name="test_toggle_endpoint_role_verification" time="0.681" /><testcase classname="backend.tests.test_k8s_maintenance.TestIPTemplatesUserRole" name="test_ip_templates_crud_with_admin_role" time="0.740" /></testsuite></testsuites>